#
# A fatal error has been detected by the Java Runtime Environment:
#
#  SIGSEGV (0xb) at pc=0x0000000106a4a728, pid=52232, tid=0x000000000001261f
#
# JRE version: OpenJDK Runtime Environment (8.0_265-b01) (build 1.8.0_265-b01)
# Java VM: OpenJDK 64-Bit Server VM (25.265-b01 mixed mode bsd-amd64 compressed oops)
# Problematic frame:
# V  [libjvm.dylib+0x44a728]  Method::bci_from(unsigned char*) const+0x4
#
# Failed to write core dump. Core dumps have been disabled. To enable core dumping, try "ulimit -c unlimited" before starting Java again
#
# If you would like to submit a bug report, please visit:
#   http://bugreport.java.com/bugreport/crash.jsp
#

---------------  T H R E A D  ---------------

Current thread (0x00007f8e0e8c7800):  JavaThread "AWT-EventQueue-0" [_thread_in_vm, id=75295, stack(0x000070000d40e000,0x000070000d50e000)]

siginfo: si_signo: 11 (SIGSEGV), si_code: 1 (SEGV_MAPERR), si_addr: 0x0000000000000296

Registers:
RAX=0x000000000000028e, RBX=0x000070000d50b068, RCX=0x0000000109c41255, RDX=0x0000000109c64360
RSP=0x000070000d50aa20, RBP=0x000070000d50aa20, RSI=0x524523d2398c006f, RDI=0x000000000000028e
R8 =0x0000000000000000, R9 =0x000070000d50b448, R10=0x0000000109c373db, R11=0x0000000106ae9063
R12=0x524523d2398c006f, R13=0x0000000000000000, R14=0x0000000000000001, R15=0x000000000000028e
RIP=0x0000000106a4a728, EFLAGS=0x0000000000010206, ERR=0x0000000000000004
  TRAPNO=0x000000000000000e

Top of Stack: (sp=0x000070000d50aa20)
0x000070000d50aa20:   000070000d50b120 00000001068cbf86
0x000070000d50aa30:   000070000d50bc70 000070000d50bc74
0x000070000d50aa40:   000070000d50aa01 00007f8e232563d8
0x000070000d50aa50:   000070000d50c301 000070000d50b9d0
0x000070000d50aa60:   0000000109c64e5a 0000000109c64d90
0x000070000d50aa70:   000070000d50bc80 000070000d50bc84
0x000070000d50aa80:   000070000d50b9d0 000070000d50bc70
0x000070000d50aa90:   0000000109eb8f1c 0000000109eb89d0
0x000070000d50aaa0:   000070000d50aad8 000070000d50aba0
0x000070000d50aab0:   0000000000000000 00000001232563b8
0x000070000d50aac0:   000070000d50ab90 0000000106ad837f
0x000070000d50aad0:   000070000d50ab08 0000000000000000
0x000070000d50aae0:   000000010a1e3b94 000000010a1e3bc8
0x000070000d50aaf0:   000000010a1e3a10 000000010a1e4115
0x000070000d50ab00:   000000010840000a 000000010a1e3b92
0x000070000d50ab10:   00000001081b7300 000000010a1e3be0
0x000070000d50ab20:   0000000123252358 000000010a1e4100
0x000070000d50ab30:   000000010a1e3be0 000000010a1e4100
0x000070000d50ab40:   000000010a1e41d8 0000000106cdd738
0x000070000d50ab50:   000070000d50aad8 000000010a1e3e87
0x000070000d50ab60:   000000010a1e41d8 000000010a1e3e87
0x000070000d50ab70:   00000007c00abc58 0000700023299898
0x000070000d50ab80:   0000000000000000 000070000d50ac10
0x000070000d50ab90:   000070000d50ac60 00000001067a7839
0x000070000d50aba0:   0000000000000000 000000010a1e3b58
0x000070000d50abb0:   000000010a1e3bc8 000000010a1e3a10
0x000070000d50abc0:   000000010a1e3e87 00000001067a000a
0x000070000d50abd0:   000070000d50abc8 000000010a010000
0x000070000d50abe0:   000000010a1e3be0 000000010a1e3be0
0x000070000d50abf0:   000070000d50ac30 0000000106ad71de
0x000070000d50ac00:   000000010a1e5548 000070000d50ac48
0x000070000d50ac10:   00000007c00abc58 00000001067a6df8 

Instructions: (pc=0x0000000106a4a728)
0x0000000106a4a708:   10 ff c1 48 39 d6 7c e4 ff ca 89 10 48 83 c4 18
0x0000000106a4a718:   5b 41 5c 41 5d 41 5e 41 5f 5d c3 90 55 48 89 e5
0x0000000106a4a728:   8b 47 08 83 c0 30 29 c6 89 f0 5d c3 55 48 89 e5
0x0000000106a4a738:   31 c0 48 85 f6 74 41 48 8b 57 08 48 8d 4a 30 48 

Register to memory mapping:

RAX=0x000000000000028e is an unknown value
RBX=0x000070000d50b068 is pointing into the stack for thread: 0x00007f8e0e8c7800
RCX=0x0000000109c41255 is at code_begin+661 in an Interpreter codelet
ireturn  172 ireturn  [0x0000000109c40fc0, 0x0000000109c413c0]  1024 bytes
RDX=0x0000000109c64360 is an unknown value
RSP=0x000070000d50aa20 is pointing into the stack for thread: 0x00007f8e0e8c7800
RBP=0x000070000d50aa20 is pointing into the stack for thread: 0x00007f8e0e8c7800
RSI=0x524523d2398c006f is an unknown value
RDI=0x000000000000028e is an unknown value
R8 =0x0000000000000000 is an unknown value
R9 =0x000070000d50b448 is pointing into the stack for thread: 0x00007f8e0e8c7800
R10=0x0000000109c373db is at code_begin+859 in an Interpreter codelet
method entry point (kind = native)  [0x0000000109c37080, 0x0000000109c37a00]  2432 bytes
R11=0x0000000106ae9063: throw_unsatisfied_link_error+0 in /Library/Java/JavaVirtualMachines/adoptopenjdk-8.jdk/Contents/Home/jre/lib/server/libjvm.dylib at 0x0000000106600000
R12=0x524523d2398c006f is an unknown value
R13=0x0000000000000000 is an unknown value
R14=0x0000000000000001 is an unknown value
R15=0x000000000000028e is an unknown value


Stack: [0x000070000d40e000,0x000070000d50e000],  sp=0x000070000d50aa20,  free space=1010k
Native frames: (J=compiled Java code, j=interpreted, Vv=VM code, C=native code)
V  [libjvm.dylib+0x44a728]  Method::bci_from(unsigned char*) const+0x4
V  [libjvm.dylib+0x2cbf86]  java_lang_Throwable::fill_in_stack_trace(Handle, methodHandle, Thread*)+0x3ca
V  [libjvm.dylib+0x2cc37f]  java_lang_Throwable::fill_in_stack_trace(Handle, methodHandle)+0x7b
V  [libjvm.dylib+0x330cc4]  JVM_FillInStackTrace+0x10d
C  [libjava.dylib+0x7efc]  Java_java_lang_Throwable_fillInStackTrace+0xe
j  java.lang.Throwable.fillInStackTrace(I)Ljava/lang/Throwable;+0
j  java.lang.Throwable.fillInStackTrace()Ljava/lang/Throwable;+16
j  java.lang.Throwable.<init>()V+24
j  java.lang.Exception.<init>()V+1
j  java.lang.RuntimeException.<init>()V+1
j  java.lang.IllegalMonitorStateException.<init>()V+1
v  ~StubRoutines::call_stub
V  [libjvm.dylib+0x2c7e0f]  JavaCalls::call_helper(JavaValue*, methodHandle*, JavaCallArguments*, Thread*)+0x691
V  [libjvm.dylib+0x2c7084]  JavaCalls::call_special(JavaValue*, KlassHandle, Symbol*, Symbol*, JavaCallArguments*, Thread*)+0x11e
V  [libjvm.dylib+0x22b39d]  Exceptions::new_exception(Thread*, Symbol*, Symbol*, JavaCallArguments*, Handle, Handle)+0xbf
V  [libjvm.dylib+0x22b704]  Exceptions::new_exception(Thread*, Symbol*, Symbol*, JavaCallArguments*, Handle, Handle, Handle)+0x38
V  [libjvm.dylib+0x22aff4]  Exceptions::new_exception(Thread*, Symbol*, char const*, Handle, Handle, Handle, Exceptions::ExceptionMsgToUtf8Mode)+0xde
V  [libjvm.dylib+0x22aef3]  Exceptions::_throw_msg(Thread*, char const*, int, Symbol*, char const*, Handle, Handle)+0x63
V  [libjvm.dylib+0x22b412]  Exceptions::_throw_msg(Thread*, char const*, int, Symbol*, char const*)+0x18
V  [libjvm.dylib+0x2c0f77]  InterpreterRuntime::throw_illegal_monitor_state_exception(JavaThread*)+0x45

[error occurred during error reporting (printing native stack), id 0xb]

Java frames: (J=compiled Java code, j=interpreted, Vv=VM code)
j  java.lang.Throwable.fillInStackTrace(I)Ljava/lang/Throwable;+0
j  java.lang.Throwable.fillInStackTrace()Ljava/lang/Throwable;+16
j  java.lang.Throwable.<init>()V+24
j  java.lang.Exception.<init>()V+1
j  java.lang.RuntimeException.<init>()V+1
j  java.lang.IllegalMonitorStateException.<init>()V+1
v  ~StubRoutines::call_stub

[error occurred during error reporting (printing Java stack), id 0xb]


---------------  P R O C E S S  ---------------

Java Threads: ( => current thread )
  0x00007f8e0e8c8800 JavaThread "TimerQueue" daemon [_thread_blocked, id=56955, stack(0x000070000d594000,0x000070000d694000)]
  0x00007f8e0f9db000 JavaThread "DestroyJavaVM" [_thread_blocked, id=10499, stack(0x000070000bf49000,0x000070000c049000)]
=>0x00007f8e0e8c7800 JavaThread "AWT-EventQueue-0" [_thread_in_vm, id=75295, stack(0x000070000d40e000,0x000070000d50e000)]
  0x00007f8e0f94f800 JavaThread "Java2D Disposer" daemon [_thread_blocked, id=82195, stack(0x000070000d208000,0x000070000d308000)]
  0x00007f8e10152800 JavaThread "Java2D Queue Flusher" daemon [_thread_blocked, id=81935, stack(0x000070000d105000,0x000070000d205000)]
  0x00007f8e0f1f7000 JavaThread "AWT-Shutdown" [_thread_blocked, id=38427, stack(0x000070000cefc000,0x000070000cffc000)]
  0x00007f8e10121000 JavaThread "AppKit Thread" daemon [_thread_in_native, id=775, stack(0x00007ffee974a000,0x00007ffee9f4a000)]
  0x00007f8e0e83a000 JavaThread "Service Thread" daemon [_thread_blocked, id=16643, stack(0x000070000ccf6000,0x000070000cdf6000)]
  0x00007f8e0e839000 JavaThread "C1 CompilerThread2" daemon [_thread_blocked, id=13827, stack(0x000070000cbf3000,0x000070000ccf3000)]
  0x00007f8e0f820800 JavaThread "C2 CompilerThread1" daemon [_thread_blocked, id=13571, stack(0x000070000caf0000,0x000070000cbf0000)]
  0x00007f8e0f81e800 JavaThread "C2 CompilerThread0" daemon [_thread_blocked, id=13315, stack(0x000070000c9ed000,0x000070000caed000)]
  0x00007f8e0f80b000 JavaThread "Signal Dispatcher" daemon [_thread_blocked, id=17923, stack(0x000070000c8ea000,0x000070000c9ea000)]
  0x00007f8e0f04a000 JavaThread "Finalizer" daemon [_thread_blocked, id=20227, stack(0x000070000c65e000,0x000070000c75e000)]
  0x00007f8e0f047000 JavaThread "Reference Handler" daemon [_thread_blocked, id=11523, stack(0x000070000c55b000,0x000070000c65b000)]

Other Threads:
  0x00007f8e0f042000 VMThread [stack: 0x000070000c458000,0x000070000c558000] [id=20995]
  0x00007f8e0e85d000 WatcherThread [stack: 0x000070000cdf9000,0x000070000cef9000] [id=16131]

VM state:not at safepoint (normal execution)

VM Mutex/Monitor currently owned by a thread: None

heap address: 0x0000000740000000, size: 2048 MB, Compressed Oops mode: Zero based, Oop shift amount: 3
Narrow klass base: 0x0000000000000000, Narrow klass shift: 3
Compressed class space size: 1073741824 Address: 0x00000007c0000000

Heap:
 PSYoungGen      total 38400K, used 24363K [0x0000000795580000, 0x0000000798000000, 0x00000007c0000000)
  eden space 33280K, 73% used [0x0000000795580000,0x0000000796d4aef0,0x0000000797600000)
  from space 5120K, 0% used [0x0000000797b00000,0x0000000797b00000,0x0000000798000000)
  to   space 5120K, 0% used [0x0000000797600000,0x0000000797600000,0x0000000797b00000)
 ParOldGen       total 87552K, used 0K [0x0000000740000000, 0x0000000745580000, 0x0000000795580000)
  object space 87552K, 0% used [0x0000000740000000,0x0000000740000000,0x0000000745580000)
 Metaspace       used 16233K, capacity 16580K, committed 16640K, reserved 1062912K
  class space    used 2131K, capacity 2247K, committed 2304K, reserved 1048576K

Card table byte_map: [0x000000010739b000,0x000000010779c000] byte_map_base: 0x000000010399b000

Marking Bits: (ParMarkBitMap*) 0x0000000106d0edc8
 Begin Bits: [0x0000000118c1f000, 0x000000011ac1f000)
 End Bits:   [0x000000011ac1f000, 0x000000011cc1f000)

Polling page: 0x0000000105d21000

CodeCache: size=245760Kb used=5926Kb max_used=5926Kb free=239833Kb
 bounds [0x0000000109c1f000, 0x000000010a1ef000, 0x0000000118c1f000]
 total_blobs=2417 nmethods=1825 adapters=504
 compilation: enabled

Compilation events (10 events):
Event: 21.484 Thread 0x00007f8e0e839000 1821       3       java.nio.Buffer::hasRemaining (17 bytes)
Event: 21.485 Thread 0x00007f8e0e839000 nmethod 1821 0x000000010a1e9dd0 code [0x000000010a1e9f40, 0x000000010a1ea0f0]
Event: 21.485 Thread 0x00007f8e0e839000 1822       3       java.nio.Buffer::clear (20 bytes)
Event: 21.485 Thread 0x00007f8e0e839000 nmethod 1822 0x000000010a1ea150 code [0x000000010a1ea2a0, 0x000000010a1ea410]
Event: 21.485 Thread 0x00007f8e0e839000 1823       3       java.nio.ByteBuffer::hasArray (20 bytes)
Event: 21.485 Thread 0x00007f8e0e839000 nmethod 1823 0x000000010a1ea490 code [0x000000010a1ea600, 0x000000010a1ea7f0]
Event: 21.485 Thread 0x00007f8e0e839000 1825       3       java.nio.Buffer::limit (53 bytes)
Event: 21.486 Thread 0x00007f8e0e839000 nmethod 1825 0x000000010a1ea850 code [0x000000010a1ea9c0, 0x000000010a1eacc8]
Event: 21.486 Thread 0x00007f8e0e839000 1824       3       java.nio.charset.CoderResult::isOverflow (14 bytes)
Event: 21.486 Thread 0x00007f8e0e839000 nmethod 1824 0x000000010a1ead90 code [0x000000010a1eaf00, 0x000000010a1eb0b0]

GC Heap History (0 events):
No events

Deoptimization events (10 events):
Event: 2.467 Thread 0x00007f8e0e8c7800 Uncommon trap: reason=bimorphic action=maybe_recompile pc=0x0000000109e4d198 method=java.util.HashMap.getNode(ILjava/lang/Object;)Ljava/util/HashMap$Node; @ 126
Event: 2.473 Thread 0x00007f8e0e8c7800 Uncommon trap: reason=bimorphic action=maybe_recompile pc=0x0000000109e4d198 method=java.util.HashMap.getNode(ILjava/lang/Object;)Ljava/util/HashMap$Node; @ 126
Event: 2.552 Thread 0x00007f8e0e8c7800 Uncommon trap: reason=class_check action=maybe_recompile pc=0x0000000109d8ca7c method=java.lang.String.equals(Ljava/lang/Object;)Z @ 8
Event: 2.552 Thread 0x00007f8e0e8c7800 Uncommon trap: reason=class_check action=maybe_recompile pc=0x0000000109d8ca7c method=java.lang.String.equals(Ljava/lang/Object;)Z @ 8
Event: 2.552 Thread 0x00007f8e0e8c7800 Uncommon trap: reason=class_check action=maybe_recompile pc=0x0000000109d8ca7c method=java.lang.String.equals(Ljava/lang/Object;)Z @ 8
Event: 2.552 Thread 0x00007f8e0e8c7800 Uncommon trap: reason=class_check action=maybe_recompile pc=0x0000000109d8ca7c method=java.lang.String.equals(Ljava/lang/Object;)Z @ 8
Event: 3.413 Thread 0x00007f8e0e8c7800 Uncommon trap: reason=unstable_if action=reinterpret pc=0x0000000109eb8870 method=java.awt.Component.inside(II)Z @ 1
Event: 10.322 Thread 0x00007f8e0e8c7800 Uncommon trap: reason=unstable_if action=reinterpret pc=0x000000010a0286fc method=java.awt.Container.findComponentAtImpl(IIZ)Ljava/awt/Component; @ 131
Event: 13.885 Thread 0x00007f8e0e8c7800 Uncommon trap: reason=unstable_if action=reinterpret pc=0x0000000109fc74e4 method=java.security.AccessControlContext.optimize()Ljava/security/AccessControlContext; @ 220
Event: 13.951 Thread 0x00007f8e0e8c7800 Uncommon trap: reason=unstable_if action=reinterpret pc=0x0000000109e5e134 method=java.lang.String.indexOf([CII[CIII)I @ 3

Classes redefined (0 events):
No events

Internal exceptions (10 events):
Event: 0.261 Thread 0x00007f8e0f00c000 Exception <a 'java/lang/NoSuchFieldError': method resolution failed> (0x00000007957d1920) thrown at [/Users/jenkins/workspace/build-scripts/jobs/jdk8u/jdk8u-mac-x64-hotspot/workspace/build/src/hotspot/src/share/vm/prims/methodHandles.cpp, line 1169]
Event: 0.263 Thread 0x00007f8e0f00c000 Exception <a 'java/lang/NoSuchFieldError': method resolution failed> (0x00000007957df120) thrown at [/Users/jenkins/workspace/build-scripts/jobs/jdk8u/jdk8u-mac-x64-hotspot/workspace/build/src/hotspot/src/share/vm/prims/methodHandles.cpp, line 1169]
Event: 0.620 Thread 0x00007f8e0f00c000 Exception <a 'java/io/FileNotFoundException'> (0x0000000795859978) thrown at [/Users/jenkins/workspace/build-scripts/jobs/jdk8u/jdk8u-mac-x64-hotspot/workspace/build/src/hotspot/src/share/vm/prims/jni.cpp, line 711]
Event: 0.620 Thread 0x00007f8e0f00c000 Exception <a 'java/io/FileNotFoundException'> (0x000000079585a530) thrown at [/Users/jenkins/workspace/build-scripts/jobs/jdk8u/jdk8u-mac-x64-hotspot/workspace/build/src/hotspot/src/share/vm/prims/jni.cpp, line 711]
Event: 0.692 Thread 0x00007f8e10121000 Exception <a 'java/lang/ClassNotFoundException': sun/dc/DuctusRenderingEngine> (0x00000007958c9270) thrown at [/Users/jenkins/workspace/build-scripts/jobs/jdk8u/jdk8u-mac-x64-hotspot/workspace/build/src/hotspot/src/share/vm/classfile/systemDictionary.cpp,
Event: 0.820 Thread 0x00007f8e0f00c000 Exception <a 'java/io/FileNotFoundException'> (0x0000000795a58180) thrown at [/Users/jenkins/workspace/build-scripts/jobs/jdk8u/jdk8u-mac-x64-hotspot/workspace/build/src/hotspot/src/share/vm/prims/jni.cpp, line 711]
Event: 20.472 Thread 0x00007f8e0e8c7800 Exception <a 'java/lang/NullPointerException'> (0x0000000796c73ae0) thrown at [/Users/jenkins/workspace/build-scripts/jobs/jdk8u/jdk8u-mac-x64-hotspot/workspace/build/src/hotspot/src/share/vm/prims/jvm.cpp, line 1516]
Event: 20.472 Thread 0x00007f8e0e8c7800 Exception <a 'java/lang/NullPointerException'> (0x0000000796c73ae0) thrown at [/Users/jenkins/workspace/build-scripts/jobs/jdk8u/jdk8u-mac-x64-hotspot/workspace/build/src/hotspot/src/share/vm/prims/jvm.cpp, line 1516]
Event: 21.482 Thread 0x00007f8e0e8c7800 Exception <a 'java/lang/NullPointerException'> (0x0000000796ca06a8) thrown at [/Users/jenkins/workspace/build-scripts/jobs/jdk8u/jdk8u-mac-x64-hotspot/workspace/build/src/hotspot/src/share/vm/prims/jvm.cpp, line 1516]
Event: 21.482 Thread 0x00007f8e0e8c7800 Exception <a 'java/lang/NullPointerException'> (0x0000000796ca06a8) thrown at [/Users/jenkins/workspace/build-scripts/jobs/jdk8u/jdk8u-mac-x64-hotspot/workspace/build/src/hotspot/src/share/vm/prims/jvm.cpp, line 1516]

Events (10 events):
Event: 19.363 loading class java/awt/geom/RectIterator
Event: 19.363 loading class java/awt/geom/RectIterator done
Event: 19.363 loading class java/awt/geom/Path2D$Float$TxIterator
Event: 19.363 loading class java/awt/geom/Path2D$Iterator
Event: 19.363 loading class java/awt/geom/Path2D$Iterator done
Event: 19.363 loading class java/awt/geom/Path2D$Float$TxIterator done
Event: 20.472 loading class java/lang/Throwable$WrappedPrintStream
Event: 20.473 loading class java/lang/Throwable$PrintStreamOrWriter
Event: 20.473 loading class java/lang/Throwable$PrintStreamOrWriter done
Event: 20.473 loading class java/lang/Throwable$WrappedPrintStream done


Dynamic libraries:
0x00007fff2d8a3000 	/System/Library/Frameworks/Cocoa.framework/Versions/A/Cocoa
0x00007fff3b080000 	/System/Library/Frameworks/Security.framework/Versions/A/Security
0x00007fff2c80d000 	/System/Library/Frameworks/ApplicationServices.framework/Versions/A/ApplicationServices
0x00007fff67c2a000 	/usr/lib/libz.1.dylib
0x00007fff656ee000 	/usr/lib/libSystem.B.dylib
0x00007fff2e73e000 	/System/Library/Frameworks/CoreFoundation.framework/Versions/A/CoreFoundation
0x00007fff30df4000 	/System/Library/Frameworks/Foundation.framework/Versions/C/Foundation
0x00007fff6754e000 	/usr/lib/libobjc.A.dylib
0x00007fff2b9fe000 	/System/Library/Frameworks/AppKit.framework/Versions/C/AppKit
0x00007fff2e227000 	/System/Library/Frameworks/CoreData.framework/Versions/A/CoreData
0x00007fff5f70f000 	/System/Library/PrivateFrameworks/UIFoundation.framework/Versions/A/UIFoundation
0x00007fff5a7bd000 	/System/Library/PrivateFrameworks/RemoteViewServices.framework/Versions/A/RemoteViewServices
0x00007fff62263000 	/System/Library/PrivateFrameworks/XCTTargetBootstrap.framework/Versions/A/XCTTargetBootstrap
0x00007fff2e612000 	/System/Library/Frameworks/CoreDisplay.framework/Versions/A/CoreDisplay
0x00007fff33cad000 	/System/Library/Frameworks/Metal.framework/Versions/A/Metal
0x00007fff48816000 	/System/Library/PrivateFrameworks/DesktopServicesPriv.framework/Versions/A/DesktopServicesPriv
0x00007fff6682b000 	/usr/lib/liblangid.dylib
0x00007fff47aaf000 	/System/Library/PrivateFrameworks/CoreSVG.framework/Versions/A/CoreSVG
0x00007fff5d913000 	/System/Library/PrivateFrameworks/SkyLight.framework/Versions/A/SkyLight
0x00007fff2ebbf000 	/System/Library/Frameworks/CoreGraphics.framework/Versions/A/CoreGraphics
0x00007fff2a3d2000 	/System/Library/Frameworks/Accelerate.framework/Versions/A/Accelerate
0x00007fff67b1b000 	/usr/lib/libxml2.2.dylib
0x00007fff5376f000 	/System/Library/PrivateFrameworks/IconServices.framework/Versions/A/IconServices
0x00007fff315d3000 	/System/Library/Frameworks/IOSurface.framework/Versions/A/IOSurface
0x00007fff65218000 	/usr/lib/libDiagnosticMessagesClient.dylib
0x00007fff48670000 	/System/Library/PrivateFrameworks/DFRFoundation.framework/Versions/A/DFRFoundation
0x00007fff665ba000 	/usr/lib/libicucore.A.dylib
0x00007fff2cb3f000 	/System/Library/Frameworks/AudioToolbox.framework/Versions/A/AudioToolbox
0x00007fff2cc22000 	/System/Library/Frameworks/AudioUnit.framework/Versions/A/AudioUnit
0x00007fff658f0000 	/usr/lib/libauto.dylib
0x00007fff48712000 	/System/Library/PrivateFrameworks/DataDetectorsCore.framework/Versions/A/DataDetectorsCore
0x00007fff2d3c4000 	/System/Library/Frameworks/Carbon.framework/Versions/A/Frameworks/HIToolbox.framework/Versions/A/HIToolbox
0x00007fff3a27d000 	/System/Library/Frameworks/QuartzCore.framework/Versions/A/QuartzCore
0x00007fff2d703000 	/System/Library/Frameworks/Carbon.framework/Versions/A/Frameworks/SpeechRecognition.framework/Versions/A/SpeechRecognition
0x00007fff48187000 	/System/Library/PrivateFrameworks/CoreUI.framework/Versions/A/CoreUI
0x00007fff2dc92000 	/System/Library/Frameworks/CoreAudio.framework/Versions/A/CoreAudio
0x00007fff30ab9000 	/System/Library/Frameworks/DiskArbitration.framework/Versions/A/DiskArbitration
0x00007fff557bc000 	/System/Library/PrivateFrameworks/MultitouchSupport.framework/Versions/A/MultitouchSupport
0x00007fff66481000 	/usr/lib/libenergytrace.dylib
0x00007fff3152d000 	/System/Library/Frameworks/IOKit.framework/Versions/A/IOKit
0x00007fff2fb26000 	/System/Library/Frameworks/CoreServices.framework/Versions/A/CoreServices
0x00007fff57953000 	/System/Library/PrivateFrameworks/PerformanceAnalysis.framework/Versions/A/PerformanceAnalysis
0x00007fff392b0000 	/System/Library/Frameworks/OpenGL.framework/Versions/A/OpenGL
0x00007fff2d8b1000 	/System/Library/Frameworks/ColorSync.framework/Versions/A/ColorSync
0x00007fff2f241000 	/System/Library/Frameworks/CoreImage.framework/Versions/A/CoreImage
0x00007fff30598000 	/System/Library/Frameworks/CoreText.framework/Versions/A/CoreText
0x00007fff31663000 	/System/Library/Frameworks/ImageIO.framework/Versions/A/ImageIO
0x00007fff659d4000 	/usr/lib/libc++.1.dylib
0x00007fff65a50000 	/usr/lib/libcompression.dylib
0x00007fff6555c000 	/usr/lib/libMobileGestalt.dylib
0x00007fff5f488000 	/System/Library/PrivateFrameworks/TextureIO.framework/Versions/A/TextureIO
0x00007fff65853000 	/usr/lib/libate.dylib
0x00007fff53978000 	/System/Library/PrivateFrameworks/InternationalSupport.framework/Versions/A/InternationalSupport
0x00007fff684ea000 	/usr/lib/system/libcache.dylib
0x00007fff684f0000 	/usr/lib/system/libcommonCrypto.dylib
0x00007fff684fc000 	/usr/lib/system/libcompiler_rt.dylib
0x00007fff68504000 	/usr/lib/system/libcopyfile.dylib
0x00007fff6850e000 	/usr/lib/system/libcorecrypto.dylib
0x00007fff686ad000 	/usr/lib/system/libdispatch.dylib
0x00007fff686ee000 	/usr/lib/system/libdyld.dylib
0x00007fff68725000 	/usr/lib/system/libkeymgr.dylib
0x00007fff68733000 	/usr/lib/system/liblaunch.dylib
0x00007fff68734000 	/usr/lib/system/libmacho.dylib
0x00007fff6873a000 	/usr/lib/system/libquarantine.dylib
0x00007fff6873d000 	/usr/lib/system/libremovefile.dylib
0x00007fff6873f000 	/usr/lib/system/libsystem_asl.dylib
0x00007fff68757000 	/usr/lib/system/libsystem_blocks.dylib
0x00007fff68758000 	/usr/lib/system/libsystem_c.dylib
0x00007fff687e0000 	/usr/lib/system/libsystem_configuration.dylib
0x00007fff687e4000 	/usr/lib/system/libsystem_coreservices.dylib
0x00007fff687e8000 	/usr/lib/system/libsystem_darwin.dylib
0x00007fff687f1000 	/usr/lib/system/libsystem_dnssd.dylib
0x00007fff687f9000 	/usr/lib/system/libsystem_featureflags.dylib
0x00007fff687fb000 	/usr/lib/system/libsystem_info.dylib
0x00007fff68876000 	/usr/lib/system/libsystem_m.dylib
0x00007fff688be000 	/usr/lib/system/libsystem_malloc.dylib
0x00007fff688e6000 	/usr/lib/system/libsystem_networkextension.dylib
0x00007fff688f4000 	/usr/lib/system/libsystem_notify.dylib
0x00007fff68912000 	/usr/lib/system/libsystem_sandbox.dylib
0x00007fff68917000 	/usr/lib/system/libsystem_secinit.dylib
0x00007fff68849000 	/usr/lib/system/libsystem_kernel.dylib
0x00007fff688fe000 	/usr/lib/system/libsystem_platform.dylib
0x00007fff68907000 	/usr/lib/system/libsystem_pthread.dylib
0x00007fff6891a000 	/usr/lib/system/libsystem_symptoms.dylib
0x00007fff68922000 	/usr/lib/system/libsystem_trace.dylib
0x00007fff6893a000 	/usr/lib/system/libunwind.dylib
0x00007fff68940000 	/usr/lib/system/libxpc.dylib
0x00007fff65a27000 	/usr/lib/libc++abi.dylib
0x00007fff6682d000 	/usr/lib/liblzma.5.dylib
0x00007fff664a8000 	/usr/lib/libfakelink.dylib
0x00007fff657e0000 	/usr/lib/libarchive.2.dylib
0x00007fff3c130000 	/System/Library/Frameworks/SystemConfiguration.framework/Versions/A/SystemConfiguration
0x00007fff6514b000 	/usr/lib/libCRFSuite.dylib
0x00007fff2cfb5000 	/System/Library/Frameworks/CFNetwork.framework/Versions/A/CFNetwork
0x00007fff659b6000 	/usr/lib/libbsm.0.dylib
0x00007fff68726000 	/usr/lib/system/libkxld.dylib
0x00007fff42045000 	/System/Library/PrivateFrameworks/AppleFSCompression.framework/Versions/A/AppleFSCompression
0x00007fff65d41000 	/usr/lib/libcoretls.dylib
0x00007fff65d58000 	/usr/lib/libcoretls_cfhelpers.dylib
0x00007fff67594000 	/usr/lib/libpam.2.dylib
0x00007fff676c9000 	/usr/lib/libsqlite3.dylib
0x00007fff67b08000 	/usr/lib/libxar.1.dylib
0x00007fff659c7000 	/usr/lib/libbz2.1.0.dylib
0x00007fff664c9000 	/usr/lib/libiconv.2.dylib
0x00007fff65a3d000 	/usr/lib/libcharset.1.dylib
0x00007fff67033000 	/usr/lib/libnetwork.dylib
0x00007fff6759b000 	/usr/lib/libpcap.A.dylib
0x00007fff65795000 	/usr/lib/libapple_nghttp2.dylib
0x00007fff2fedd000 	/System/Library/Frameworks/CoreServices.framework/Versions/A/Frameworks/FSEvents.framework/Versions/A/FSEvents
0x00007fff2fbad000 	/System/Library/Frameworks/CoreServices.framework/Versions/A/Frameworks/CarbonCore.framework/Versions/A/CarbonCore
0x00007fff30120000 	/System/Library/Frameworks/CoreServices.framework/Versions/A/Frameworks/Metadata.framework/Versions/A/Metadata
0x00007fff301b9000 	/System/Library/Frameworks/CoreServices.framework/Versions/A/Frameworks/OSServices.framework/Versions/A/OSServices
0x00007fff301e7000 	/System/Library/Frameworks/CoreServices.framework/Versions/A/Frameworks/SearchKit.framework/Versions/A/SearchKit
0x00007fff2fb27000 	/System/Library/Frameworks/CoreServices.framework/Versions/A/Frameworks/AE.framework/Versions/A/AE
0x00007fff2fee6000 	/System/Library/Frameworks/CoreServices.framework/Versions/A/Frameworks/LaunchServices.framework/Versions/A/LaunchServices
0x00007fff2fe8f000 	/System/Library/Frameworks/CoreServices.framework/Versions/A/Frameworks/DictionaryServices.framework/Versions/A/DictionaryServices
0x00007fff3024f000 	/System/Library/Frameworks/CoreServices.framework/Versions/A/Frameworks/SharedFileList.framework/Versions/A/SharedFileList
0x00007fff350d0000 	/System/Library/Frameworks/NetFS.framework/Versions/A/NetFS
0x00007fff55ceb000 	/System/Library/PrivateFrameworks/NetAuth.framework/Versions/A/NetAuth
0x00007fff62630000 	/System/Library/PrivateFrameworks/login.framework/Versions/A/Frameworks/loginsupport.framework/Versions/A/loginsupport
0x00007fff5ef55000 	/System/Library/PrivateFrameworks/TCC.framework/Versions/A/TCC
0x00007fff46c22000 	/System/Library/PrivateFrameworks/CoreNLP.framework/Versions/A/CoreNLP
0x00007fff551ea000 	/System/Library/PrivateFrameworks/MetadataUtilities.framework/Versions/A/MetadataUtilities
0x00007fff66905000 	/usr/lib/libmecabra.dylib
0x00007fff6685d000 	/usr/lib/libmecab.dylib
0x00007fff664b9000 	/usr/lib/libgermantok.dylib
0x00007fff6577c000 	/usr/lib/libThaiTokenizer.dylib
0x00007fff65182000 	/usr/lib/libChineseTokenizer.dylib
0x00007fff2a3ea000 	/System/Library/Frameworks/Accelerate.framework/Versions/A/Frameworks/vImage.framework/Versions/A/vImage
0x00007fff2b854000 	/System/Library/Frameworks/Accelerate.framework/Versions/A/Frameworks/vecLib.framework/Versions/A/vecLib
0x00007fff2b791000 	/System/Library/Frameworks/Accelerate.framework/Versions/A/Frameworks/vecLib.framework/Versions/A/libvMisc.dylib
0x00007fff2b5b9000 	/System/Library/Frameworks/Accelerate.framework/Versions/A/Frameworks/vecLib.framework/Versions/A/libvDSP.dylib
0x00007fff2aa41000 	/System/Library/Frameworks/Accelerate.framework/Versions/A/Frameworks/vecLib.framework/Versions/A/libBLAS.dylib
0x00007fff2b17d000 	/System/Library/Frameworks/Accelerate.framework/Versions/A/Frameworks/vecLib.framework/Versions/A/libLAPACK.dylib
0x00007fff2b519000 	/System/Library/Frameworks/Accelerate.framework/Versions/A/Frameworks/vecLib.framework/Versions/A/libLinearAlgebra.dylib
0x00007fff2b5a6000 	/System/Library/Frameworks/Accelerate.framework/Versions/A/Frameworks/vecLib.framework/Versions/A/libSparseBLAS.dylib
0x00007fff2b52f000 	/System/Library/Frameworks/Accelerate.framework/Versions/A/Frameworks/vecLib.framework/Versions/A/libQuadrature.dylib
0x00007fff2aca9000 	/System/Library/Frameworks/Accelerate.framework/Versions/A/Frameworks/vecLib.framework/Versions/A/libBNNS.dylib
0x00007fff2b535000 	/System/Library/Frameworks/Accelerate.framework/Versions/A/Frameworks/vecLib.framework/Versions/A/libSparse.dylib
0x00007fff53d60000 	/System/Library/PrivateFrameworks/LanguageModeling.framework/Versions/A/LanguageModeling
0x00007fff465d2000 	/System/Library/PrivateFrameworks/CoreEmoji.framework/Versions/A/CoreEmoji
0x00007fff53e7e000 	/System/Library/PrivateFrameworks/LinguisticData.framework/Versions/A/LinguisticData
0x00007fff53e2f000 	/System/Library/PrivateFrameworks/Lexicon.framework/Versions/A/Lexicon
0x00007fff65a3e000 	/usr/lib/libcmph.dylib
0x00007fff37cbe000 	/System/Library/Frameworks/OpenDirectory.framework/Versions/A/Frameworks/CFOpenDirectory.framework/Versions/A/CFOpenDirectory
0x00007fff37cdb000 	/System/Library/Frameworks/OpenDirectory.framework/Versions/A/OpenDirectory
0x00007fff400fb000 	/System/Library/PrivateFrameworks/APFS.framework/Versions/A/APFS
0x00007fff3b3ca000 	/System/Library/Frameworks/SecurityFoundation.framework/Versions/A/SecurityFoundation
0x00007fff67b04000 	/usr/lib/libutil.dylib
0x00007fff47b07000 	/System/Library/PrivateFrameworks/CoreServicesStore.framework/Versions/A/CoreServicesStore
0x00007fff3b481000 	/System/Library/Frameworks/ServiceManagement.framework/Versions/A/ServiceManagement
0x00007fff43813000 	/System/Library/PrivateFrameworks/BackgroundTaskManagement.framework/Versions/A/BackgroundTaskManagement
0x00007fff67c01000 	/usr/lib/libxslt.1.dylib
0x00007fff426b7000 	/System/Library/PrivateFrameworks/AppleSystemInfo.framework/Versions/A/AppleSystemInfo
0x00007fff3187e000 	/System/Library/Frameworks/ImageIO.framework/Versions/A/Resources/libJPEG.dylib
0x00007fff31b3a000 	/System/Library/Frameworks/ImageIO.framework/Versions/A/Resources/libTIFF.dylib
0x00007fff31b1d000 	/System/Library/Frameworks/ImageIO.framework/Versions/A/Resources/libPng.dylib
0x00007fff317c0000 	/System/Library/Frameworks/ImageIO.framework/Versions/A/Resources/libGIF.dylib
0x00007fff317c4000 	/System/Library/Frameworks/ImageIO.framework/Versions/A/Resources/libJP2.dylib
0x00007fff31b38000 	/System/Library/Frameworks/ImageIO.framework/Versions/A/Resources/libRadiance.dylib
0x00007fff66482000 	/usr/lib/libexpat.1.dylib
0x00007fff421a0000 	/System/Library/PrivateFrameworks/AppleJPEG.framework/Versions/A/AppleJPEG
0x00007fff4ade2000 	/System/Library/PrivateFrameworks/FontServices.framework/libFontParser.dylib
0x00007fff61636000 	/System/Library/PrivateFrameworks/WatchdogClient.framework/Versions/A/WatchdogClient
0x00007fff533bc000 	/System/Library/PrivateFrameworks/IOAccelerator.framework/Versions/A/IOAccelerator
0x00007fff34048000 	/System/Library/Frameworks/MetalPerformanceShaders.framework/Versions/A/MetalPerformanceShaders
0x00007fff4fb55000 	/System/Library/PrivateFrameworks/GPUWrangler.framework/Versions/A/GPUWrangler
0x00007fff533d1000 	/System/Library/PrivateFrameworks/IOPresentment.framework/Versions/A/IOPresentment
0x00007fff48683000 	/System/Library/PrivateFrameworks/DSExternalDisplay.framework/Versions/A/DSExternalDisplay
0x00007fff3864f000 	/System/Library/Frameworks/OpenGL.framework/Versions/A/Libraries/libCoreFSCache.dylib
0x00007fff33d94000 	/System/Library/Frameworks/MetalPerformanceShaders.framework/Frameworks/MPSCore.framework/Versions/A/MPSCore
0x00007fff33dd2000 	/System/Library/Frameworks/MetalPerformanceShaders.framework/Frameworks/MPSImage.framework/Versions/A/MPSImage
0x00007fff33e99000 	/System/Library/Frameworks/MetalPerformanceShaders.framework/Frameworks/MPSNeuralNetwork.framework/Versions/A/MPSNeuralNetwork
0x00007fff33e5d000 	/System/Library/Frameworks/MetalPerformanceShaders.framework/Frameworks/MPSMatrix.framework/Versions/A/MPSMatrix
0x00007fff33ff8000 	/System/Library/Frameworks/MetalPerformanceShaders.framework/Frameworks/MPSRayIntersector.framework/Versions/A/MPSRayIntersector
0x00007fff33e83000 	/System/Library/Frameworks/MetalPerformanceShaders.framework/Frameworks/MPSNDArray.framework/Versions/A/MPSNDArray
0x00007fff55237000 	/System/Library/PrivateFrameworks/MetalTools.framework/Versions/A/MetalTools
0x00007fff412cd000 	/System/Library/PrivateFrameworks/AggregateDictionary.framework/Versions/A/AggregateDictionary
0x00007fff4602c000 	/System/Library/PrivateFrameworks/CoreAnalytics.framework/Versions/A/CoreAnalytics
0x00007fff425d6000 	/System/Library/PrivateFrameworks/AppleSauce.framework/Versions/A/AppleSauce
0x00007fff6543e000 	/usr/lib/libIOReport.dylib
0x00007fff30750000 	/System/Library/Frameworks/CoreVideo.framework/Versions/A/CoreVideo
0x00007fff50fcf000 	/System/Library/PrivateFrameworks/GraphVisualizer.framework/Versions/A/GraphVisualizer
0x00007fff4a336000 	/System/Library/PrivateFrameworks/FaceCore.framework/Versions/A/FaceCore
0x00007fff37c65000 	/System/Library/Frameworks/OpenCL.framework/Versions/A/OpenCL
0x00007fff65260000 	/usr/lib/libFosl_dynamic.dylib
0x00007fff56700000 	/System/Library/PrivateFrameworks/OTSVG.framework/Versions/A/OTSVG
0x00007fff2c912000 	/System/Library/Frameworks/ApplicationServices.framework/Versions/A/Frameworks/ATS.framework/Versions/A/Resources/libFontRegistry.dylib
0x00007fff4afb3000 	/System/Library/PrivateFrameworks/FontServices.framework/libhvf.dylib
0x00007fff3865a000 	/System/Library/Frameworks/OpenGL.framework/Versions/A/Libraries/libGFXShared.dylib
0x00007fff38838000 	/System/Library/Frameworks/OpenGL.framework/Versions/A/Libraries/libGLU.dylib
0x00007fff38663000 	/System/Library/Frameworks/OpenGL.framework/Versions/A/Libraries/libGL.dylib
0x00007fff3866e000 	/System/Library/Frameworks/OpenGL.framework/Versions/A/Libraries/libGLImage.dylib
0x00007fff3864c000 	/System/Library/Frameworks/OpenGL.framework/Versions/A/Libraries/libCVMSPluginSupport.dylib
0x00007fff38655000 	/System/Library/Frameworks/OpenGL.framework/Versions/A/Libraries/libCoreVMClient.dylib
0x00007fff66ed4000 	/usr/lib/libncurses.5.4.dylib
0x00007fff2c80e000 	/System/Library/Frameworks/ApplicationServices.framework/Versions/A/Frameworks/ATS.framework/Versions/A/ATS
0x00007fff2c9db000 	/System/Library/Frameworks/ApplicationServices.framework/Versions/A/Frameworks/ColorSyncLegacy.framework/Versions/A/ColorSyncLegacy
0x00007fff2ca79000 	/System/Library/Frameworks/ApplicationServices.framework/Versions/A/Frameworks/HIServices.framework/Versions/A/HIServices
0x00007fff2cad1000 	/System/Library/Frameworks/ApplicationServices.framework/Versions/A/Frameworks/LangAnalysis.framework/Versions/A/LangAnalysis
0x00007fff2cae0000 	/System/Library/Frameworks/ApplicationServices.framework/Versions/A/Frameworks/PrintCore.framework/Versions/A/PrintCore
0x00007fff2cb26000 	/System/Library/Frameworks/ApplicationServices.framework/Versions/A/Frameworks/QD.framework/Versions/A/QD
0x00007fff2cb31000 	/System/Library/Frameworks/ApplicationServices.framework/Versions/A/Frameworks/SpeechSynthesis.framework/Versions/A/SpeechSynthesis
0x00007fff2c9ab000 	/System/Library/Frameworks/ApplicationServices.framework/Versions/A/Frameworks/ATSUI.framework/Versions/A/ATSUI
0x00007fff66316000 	/usr/lib/libcups.2.dylib
0x00007fff330e5000 	/System/Library/Frameworks/Kerberos.framework/Versions/A/Kerberos
0x00007fff31226000 	/System/Library/Frameworks/GSS.framework/Versions/A/GSS
0x00007fff67655000 	/usr/lib/libresolv.9.dylib
0x00007fff5117d000 	/System/Library/PrivateFrameworks/Heimdal.framework/Versions/A/Heimdal
0x00007fff330f8000 	/System/Library/Frameworks/Kerberos.framework/Versions/A/Libraries/libHeimdalProxy.dylib
0x00007fff664bf000 	/usr/lib/libheimdal-asn1.dylib
0x00007fff454c5000 	/System/Library/PrivateFrameworks/CommonAuth.framework/Versions/A/CommonAuth
0x00007fff42754000 	/System/Library/PrivateFrameworks/AssertionServices.framework/Versions/A/AssertionServices
0x00007fff432f6000 	/System/Library/PrivateFrameworks/AudioToolboxCore.framework/Versions/A/AudioToolboxCore
0x00007fff622e0000 	/System/Library/PrivateFrameworks/caulk.framework/Versions/A/caulk
0x00007fff438bf000 	/System/Library/PrivateFrameworks/BaseBoard.framework/Versions/A/BaseBoard
0x00007fff5a94b000 	/System/Library/PrivateFrameworks/RunningBoardServices.framework/Versions/A/RunningBoardServices
0x00007fff5795f000 	/System/Library/PrivateFrameworks/PersistentConnection.framework/Versions/A/PersistentConnection
0x00007fff5a345000 	/System/Library/PrivateFrameworks/ProtocolBuffer.framework/Versions/A/ProtocolBuffer
0x00007fff454e9000 	/System/Library/PrivateFrameworks/CommonUtilities.framework/Versions/A/CommonUtilities
0x00007fff43a4d000 	/System/Library/PrivateFrameworks/Bom.framework/Versions/A/Bom
0x00007fff65111000 	/usr/lib/libAudioToolboxUtility.dylib
0x00007fff4381d000 	/System/Library/PrivateFrameworks/Backup.framework/Versions/A/Backup
0x00007fff485a4000 	/System/Library/PrivateFrameworks/CrashReporterSupport.framework/Versions/A/CrashReporterSupport
0x00007fff5c3d9000 	/System/Library/PrivateFrameworks/Sharing.framework/Versions/A/Sharing
0x00007fff41d63000 	/System/Library/PrivateFrameworks/Apple80211.framework/Versions/A/Apple80211
0x00007fff4353a000 	/System/Library/PrivateFrameworks/AuthKit.framework/Versions/A/AuthKit
0x00007fff482b4000 	/System/Library/PrivateFrameworks/CoreUtils.framework/Versions/A/CoreUtils
0x00007fff30795000 	/System/Library/Frameworks/CoreWLAN.framework/Versions/A/CoreWLAN
0x00007fff313b3000 	/System/Library/Frameworks/IOBluetooth.framework/Versions/A/IOBluetooth
0x00007fff5553b000 	/System/Library/PrivateFrameworks/MobileKeyBag.framework/Versions/A/MobileKeyBag
0x00007fff470ba000 	/System/Library/PrivateFrameworks/CorePhoneNumbers.framework/Versions/A/CorePhoneNumbers
0x00007fff42153000 	/System/Library/PrivateFrameworks/AppleIDAuthSupport.framework/Versions/A/AppleIDAuthSupport
0x00007fff350dd000 	/System/Library/Frameworks/Network.framework/Versions/A/Network
0x00007fff53c0c000 	/System/Library/PrivateFrameworks/KeychainCircle.framework/Versions/A/KeychainCircle
0x00007fff2e1ee000 	/System/Library/Frameworks/CoreBluetooth.framework/Versions/A/CoreBluetooth
0x00007fff5e456000 	/System/Library/PrivateFrameworks/SpeechRecognitionCore.framework/Versions/A/SpeechRecognitionCore
0x0000000106600000 	/Library/Java/JavaVirtualMachines/adoptopenjdk-8.jdk/Contents/Home/jre/lib/server/libjvm.dylib
0x0000000105cdd000 	/Library/Java/JavaVirtualMachines/adoptopenjdk-8.jdk/Contents/Home/jre/lib/libverify.dylib
0x0000000105cee000 	/Library/Java/JavaVirtualMachines/adoptopenjdk-8.jdk/Contents/Home/jre/lib/libjava.dylib
0x0000000105d6b000 	/Library/Java/JavaVirtualMachines/adoptopenjdk-8.jdk/Contents/Home/jre/lib/libzip.dylib
0x00000001098fb000 	/Library/Java/JavaVirtualMachines/adoptopenjdk-8.jdk/Contents/Home/jre/lib/libnio.dylib
0x000000010990d000 	/Library/Java/JavaVirtualMachines/adoptopenjdk-8.jdk/Contents/Home/jre/lib/libnet.dylib
0x00000001099e5000 	/Library/Java/JavaVirtualMachines/adoptopenjdk-8.jdk/Contents/Home/jre/lib/libawt.dylib
0x000000011e74a000 	/Library/Java/JavaVirtualMachines/adoptopenjdk-8.jdk/Contents/Home/jre/lib/libmlib_image.dylib
0x00007fff330ce000 	/System/Library/Frameworks/JavaVM.framework/Versions/A/Frameworks/JavaNativeFoundation.framework/Versions/A/JavaNativeFoundation
0x00007fff330d7000 	/System/Library/Frameworks/JavaVM.framework/Versions/A/Frameworks/JavaRuntimeSupport.framework/Versions/A/JavaRuntimeSupport
0x00007fff330e0000 	/System/Library/Frameworks/JavaVM.framework/Versions/A/JavaVM
0x00007fff53a23000 	/System/Library/PrivateFrameworks/JavaLaunching.framework/Versions/A/JavaLaunching
0x00007fff2d3bf000 	/System/Library/Frameworks/Carbon.framework/Versions/A/Carbon
0x00007fff48059000 	/System/Library/PrivateFrameworks/CoreSymbolication.framework/Versions/A/CoreSymbolication
0x00007fff2d3c0000 	/System/Library/Frameworks/Carbon.framework/Versions/A/Frameworks/CommonPanels.framework/Versions/A/CommonPanels
0x00007fff2d6b9000 	/System/Library/Frameworks/Carbon.framework/Versions/A/Frameworks/Help.framework/Versions/A/Help
0x00007fff2d6bd000 	/System/Library/Frameworks/Carbon.framework/Versions/A/Frameworks/ImageCapture.framework/Versions/A/ImageCapture
0x00007fff2d6c4000 	/System/Library/Frameworks/Carbon.framework/Versions/A/Frameworks/OpenScripting.framework/Versions/A/OpenScripting
0x00007fff2d6c3000 	/System/Library/Frameworks/Carbon.framework/Versions/A/Frameworks/Ink.framework/Versions/A/Ink
0x00007fff2d6ff000 	/System/Library/Frameworks/Carbon.framework/Versions/A/Frameworks/Print.framework/Versions/A/Print
0x00007fff2d700000 	/System/Library/Frameworks/Carbon.framework/Versions/A/Frameworks/SecurityHI.framework/Versions/A/SecurityHI
0x00007fff487d8000 	/System/Library/PrivateFrameworks/DebugSymbols.framework/Versions/A/DebugSymbols
0x000000011e809000 	/Library/Java/JavaVirtualMachines/adoptopenjdk-8.jdk/Contents/Home/jre/lib/libawt_lwawt.dylib
0x0000000109a84000 	/Library/Java/JavaVirtualMachines/adoptopenjdk-8.jdk/Contents/Home/jre/lib/libosxapp.dylib
0x00007fff30c92000 	/System/Library/Frameworks/ExceptionHandling.framework/Versions/A/ExceptionHandling
0x00007fff47ad3000 	/System/Library/PrivateFrameworks/CoreServicesInternal.framework/Versions/A/CoreServicesInternal
0x00007fff30cb1000 	/System/Library/Frameworks/FileProvider.framework/Versions/A/FileProvider
0x00007fff2b855000 	/System/Library/Frameworks/Accounts.framework/Versions/A/Accounts
0x00007fff4fe7a000 	/System/Library/PrivateFrameworks/GenerationalStorage.framework/Versions/A/GenerationalStorage
0x00007fff5ec96000 	/System/Library/PrivateFrameworks/SymptomDiagnosticReporter.framework/Versions/A/SymptomDiagnosticReporter
0x00007fff41868000 	/System/Library/PrivateFrameworks/AppContainer.framework/Versions/A/AppContainer
0x00007fff6766f000 	/usr/lib/libsandbox.1.dylib
0x00007fff605da000 	/System/Library/PrivateFrameworks/UserManagement.framework/Versions/A/UserManagement
0x00007fff44605000 	/System/Library/PrivateFrameworks/ChunkingLibrary.framework/Versions/A/ChunkingLibrary
0x00007fff418da000 	/System/Library/PrivateFrameworks/AppSandbox.framework/Versions/A/AppSandbox
0x00007fff5c263000 	/System/Library/PrivateFrameworks/SecCodeWrapper.framework/Versions/A/SecCodeWrapper
0x00007fff65526000 	/usr/lib/libMatch.1.dylib
0x00007fff217be000 	/System/Library/CoreServices/RawCamera.bundle/Contents/MacOS/RawCamera
0x00007fff55365000 	/System/Library/PrivateFrameworks/MobileAsset.framework/Versions/A/MobileAsset
0x00007fff5eb3e000 	/System/Library/PrivateFrameworks/StreamingZip.framework/Versions/A/StreamingZip
0x00007fff33560000 	/System/Library/Frameworks/MediaToolbox.framework/Versions/A/MediaToolbox
0x00007fff45fdc000 	/System/Library/PrivateFrameworks/CoreAVCHD.framework/Versions/A/CoreAVCHD
0x00007fff3348a000 	/System/Library/Frameworks/MediaAccessibility.framework/Versions/A/MediaAccessibility
0x00007fff5471b000 	/System/Library/PrivateFrameworks/Mangrove.framework/Versions/A/Mangrove
0x00007fff2f95d000 	/System/Library/Frameworks/CoreMedia.framework/Versions/A/CoreMedia
0x00007fff54987000 	/System/Library/PrivateFrameworks/MediaExperience.framework/Versions/A/MediaExperience
0x00007fff3c41d000 	/System/Library/Frameworks/VideoToolbox.framework/Versions/A/VideoToolbox
0x00007fff45c06000 	/System/Library/PrivateFrameworks/CoreAUC.framework/Versions/A/CoreAUC
0x00007fff676c7000 	/usr/lib/libspindump.dylib
0x00007fff42ca5000 	/System/Library/PrivateFrameworks/AudioResourceArbitration.framework/Versions/A/AudioResourceArbitration
0x00007fff426bb000 	/System/Library/PrivateFrameworks/AppleVA.framework/Versions/A/AppleVA
0x00007fff2a3d3000 	/System/Library/Frameworks/Accelerate.framework/Versions/A/Frameworks/vImage.framework/Versions/A/Libraries/libCGInterfaces.dylib
0x0000000120246000 	/usr/lib/libobjc-trampolines.dylib
0x00007fff4af1a000 	/System/Library/PrivateFrameworks/FontServices.framework/libTrueTypeScaler.dylib
0x00007fff23f45000 	/System/Library/Extensions/AppleIntelBDWGraphicsMTLDriver.bundle/Contents/MacOS/AppleIntelBDWGraphicsMTLDriver
0x00007fff4e4a4000 	/System/Library/PrivateFrameworks/GPUCompiler.framework/Versions/3902/Libraries/libmetal_timestamp.dylib
0x00007fff613a6000 	/System/Library/PrivateFrameworks/ViewBridge.framework/Versions/A/ViewBridge
0x00007fff392c0000 	/System/Library/Frameworks/OpenGL.framework/Versions/A/Resources/GLEngine.bundle/GLEngine
0x00007fff386a3000 	/System/Library/Frameworks/OpenGL.framework/Versions/A/Libraries/libGLProgrammability.dylib
0x00007fff23a40000 	/System/Library/Extensions/AppleIntelBDWGraphicsGLDriver.bundle/Contents/MacOS/AppleIntelBDWGraphicsGLDriver
0x00007fff4fb49000 	/System/Library/PrivateFrameworks/GPUSupport.framework/Versions/A/Libraries/libGPUSupportMercury.dylib
0x00007fff3943a000 	/System/Library/Frameworks/OpenGL.framework/Versions/A/Resources/GLRendererFloat.bundle/GLRendererFloat
0x00007fff37c5c000 	/System/Library/Frameworks/OpenCL.framework/Versions/A/Libraries/libcldcpuengine.dylib
0x00007fff62633000 	/System/Library/PrivateFrameworks/login.framework/Versions/A/login
0x0000000121b5b000 	/Library/Java/JavaVirtualMachines/adoptopenjdk-8.jdk/Contents/Home/jre/lib/libfontmanager.dylib
0x0000000121bbb000 	/Library/Java/JavaVirtualMachines/adoptopenjdk-8.jdk/Contents/Home/jre/lib/libfreetype.6.dylib
0x0000000121ca0000 	/Library/Java/JavaVirtualMachines/adoptopenjdk-8.jdk/Contents/Home/jre/lib/libosxui.dylib
0x00007fff5ed10000 	/System/Library/PrivateFrameworks/SystemAdministration.framework/Versions/A/SystemAdministration
0x00007fff48cf0000 	/System/Library/PrivateFrameworks/DiskManagement.framework/Versions/A/DiskManagement
0x00007fff309de000 	/System/Library/Frameworks/DirectoryService.framework/Versions/A/DirectoryService
0x00007fff48c27000 	/System/Library/PrivateFrameworks/DiskImages.framework/Versions/A/DiskImages
0x00007fff53f27000 	/System/Library/PrivateFrameworks/LoginUIKit.framework/Versions/A/Frameworks/LoginUICore.framework/Versions/A/LoginUICore
0x00007fff6518d000 	/usr/lib/libCoreStorage.dylib
0x00007fff66303000 	/usr/lib/libcsfde.dylib
0x00007fff67582000 	/usr/lib/libodfde.dylib
0x00007fff54a12000 	/System/Library/PrivateFrameworks/MediaKit.framework/Versions/A/MediaKit
0x00007fff309ea000 	/System/Library/Frameworks/DiscRecording.framework/Versions/A/DiscRecording
0x00007fff48ea4000 	/System/Library/PrivateFrameworks/EFILogin.framework/Versions/A/EFILogin
0x00007fff5a2ea000 	/System/Library/PrivateFrameworks/ProtectedCloudStorage.framework/Versions/A/ProtectedCloudStorage
0x00007fff66377000 	/usr/lib/libcurl.4.dylib
0x00007fff661fc000 	/usr/lib/libcrypto.44.dylib
0x00007fff679a7000 	/usr/lib/libssl.46.dylib
0x00007fff330f9000 	/System/Library/Frameworks/LDAP.framework/Versions/A/LDAP
0x00007fff5f6d6000 	/System/Library/PrivateFrameworks/TrustEvaluationAgent.framework/Versions/A/TrustEvaluationAgent
0x00007fff676b4000 	/usr/lib/libsasl2.2.dylib
0x00007fff46346000 	/System/Library/PrivateFrameworks/CoreDaemon.framework/Versions/B/CoreDaemon
0x00007fff425d1000 	/System/Library/PrivateFrameworks/AppleSRP.framework/Versions/A/AppleSRP

VM Arguments:
jvm_args: -Dfile.encoding=UTF-8 
java_command: Client
java_class_path (initial): /Users/jineshparakh/Desktop/TE SEM 1/SDL/Assignment 4/bin:/Users/jineshparakh/Desktop/TE SEM 1/SDL/Assignment 4/lib/mysql-connector-java-8.0.21.jar:/Users/jineshparakh/Desktop/TE SEM 1/SDL/Assignment 4/lib/jdatepicker-1.3.4.jar
Launcher Type: SUN_STANDARD

Environment Variables:
PATH=/usr/bin:/bin:/usr/sbin:/sbin
SHELL=/bin/zsh
DISPLAY=/private/tmp/com.apple.launchd.1eysCAzZF1/org.macosforge.xquartz:0

Signal Handlers:
SIGSEGV: [libjvm.dylib+0x595d31], sa_mask[0]=11111111011111110111111111111111, sa_flags=SA_ONSTACK|SA_RESTART|SA_SIGINFO
SIGBUS: [libjvm.dylib+0x595d31], sa_mask[0]=11111111011111110111111111111111, sa_flags=SA_RESTART|SA_SIGINFO
SIGFPE: [libjvm.dylib+0x48a2eb], sa_mask[0]=11111111011111110111111111111111, sa_flags=SA_RESTART|SA_SIGINFO
SIGPIPE: [libjvm.dylib+0x48a2eb], sa_mask[0]=11111111011111110111111111111111, sa_flags=SA_RESTART|SA_SIGINFO
SIGXFSZ: [libjvm.dylib+0x48a2eb], sa_mask[0]=11111111011111110111111111111111, sa_flags=SA_RESTART|SA_SIGINFO
SIGILL: [libjvm.dylib+0x48a2eb], sa_mask[0]=11111111011111110111111111111111, sa_flags=SA_RESTART|SA_SIGINFO
SIGUSR1: SIG_DFL, sa_mask[0]=00000000000000000000000000000000, sa_flags=none
SIGUSR2: [libjvm.dylib+0x48abe2], sa_mask[0]=00100000000000000000000000000000, sa_flags=SA_RESTART|SA_SIGINFO
SIGHUP: [libjvm.dylib+0x488de1], sa_mask[0]=11111111011111110111111111111111, sa_flags=SA_RESTART|SA_SIGINFO
SIGINT: [libjvm.dylib+0x488de1], sa_mask[0]=11111111011111110111111111111111, sa_flags=SA_RESTART|SA_SIGINFO
SIGTERM: [libjvm.dylib+0x488de1], sa_mask[0]=11111111011111110111111111111111, sa_flags=SA_RESTART|SA_SIGINFO
SIGQUIT: [libjvm.dylib+0x488de1], sa_mask[0]=11111111011111110111111111111111, sa_flags=SA_RESTART|SA_SIGINFO


---------------  S Y S T E M  ---------------

OS:Bsduname:Darwin 19.4.0 Darwin Kernel Version 19.4.0: Wed Mar  4 22:28:40 PST 2020; root:xnu-6153.101.6~15/RELEASE_X86_64 x86_64
rlimit: STACK 8192k, CORE 0k, NPROC 1392, NOFILE 10240, AS infinity
load average:4.32 2.77 2.41

CPU:total 4 (initial active 4) (2 cores per cpu, 2 threads per core) family 6 model 61 stepping 4, cmov, cx8, fxsr, mmx, sse, sse2, sse3, ssse3, sse4.1, sse4.2, popcnt, avx, avx2, aes, clmul, erms, 3dnowpref, lzcnt, ht, tsc, tscinvbit, bmi1, bmi2, adx

Memory: 4k page, physical 8388608k(46192k free)

/proc/meminfo:


vm_info: OpenJDK 64-Bit Server VM (25.265-b01) for bsd-amd64 JRE (1.8.0_265-b01), built on Jul 28 2020 16:14:07 by "jenkins" with gcc 4.2.1 Compatible Apple LLVM 10.0.1 (clang-1001.0.46.4)

time: Fri Oct 16 09:22:38 2020
timezone: IST
elapsed time: 21 seconds (0d 0h 0m 21s)

